#
# A fatal error has been detected by the Java Runtime Environment:
#
#  EXCEPTION_ACCESS_VIOLATION (0xc0000005) at pc=0x00000000645c7cf9, pid=5088, tid=4408
#
# JRE version: Java(TM) SE Runtime Environment (8.0_91-b15) (build 1.8.0_91-b15)
# Java VM: Java HotSpot(TM) 64-Bit Server VM (25.91-b15 mixed mode windows-amd64 compressed oops)
# Problematic frame:
# V  [jvm.dll+0x67cf9]
#
# Failed to write core dump. Minidumps are not enabled by default on client versions of Windows
#
# If you would like to submit a bug report, please visit:
#   http://bugreport.java.com/bugreport/crash.jsp
#

---------------  T H R E A D  ---------------

Current thread (0x0000000054fa9000):  JavaThread "Finalizer" daemon [_thread_in_vm, id=4408, stack(0x00000000563b0000,0x00000000564b0000)]

siginfo: ExceptionCode=0xc0000005, reading address 0x0000000000000036

Registers:
RAX=0x0000000000000000, RBX=0x0000000054fa9000, RCX=0x0000000000000000, RDX=0x0000000000000036
RSP=0x00000000564af668, RBP=0x00000000564af990, RSI=0x0000000000000000, RDI=0x0000000000000000
R8 =0x0000000000000000, R9 =0x0000000000000000, R10=0x0000000000000019, R11=0x0000000000000000
R12=0x0000000000000000, R13=0x0000000000000000, R14=0x0000000000000000, R15=0x0000000000000000
RIP=0x00000000645c7cf9, EFLAGS=0x0000000000010246

Top of Stack: (sp=0x00000000564af668)
0x00000000564af668:   00000000647a3a50 00000000021dbad0
0x00000000564af678:   0000000000004000 0000000000000000
0x00000000564af688:   000000002c01002d 0000000000000000
0x00000000564af698:   00000000647a3c00 0000000054fa9000
0x00000000564af6a8:   0000000000000000 000000000000027f
0x00000000564af6b8:   0000000000000000 0000000000000000
0x00000000564af6c8:   0000000000000000 0000000000000000
0x00000000564af6d8:   0000000000000000 0000000054fa9000
0x00000000564af6e8:   00000000647fa99a 00000000021d0548
0x00000000564af6f8:   00000000021d4210 0000000000000000
0x00000000564af708:   0000000000000000 000000000000002d
0x00000000564af718:   0000000000000000 0000000000000000
0x00000000564af728:   0000000000000000 00000000021d0230
0x00000000564af738:   0000000000000000 0000000054faa2d0
0x00000000564af748:   00000000021d0230 0000000000000000
0x00000000564af758:   0000000000000000 0000000000000000 

Instructions: (pc=0x00000000645c7cf9)
0x00000000645c7cd9:   08 c3 cc cc cc cc cc 48 63 05 19 20 78 00 89 14
0x00000000645c7ce9:   08 c3 cc cc cc cc cc 48 63 15 15 20 78 00 33 c0
0x00000000645c7cf9:   38 04 0a 0f 95 c0 c3 48 63 05 05 20 78 00 c6 04
0x00000000645c7d09:   08 01 c3 cc cc cc cc 48 63 15 ed 1f 78 00 33 c0 


Register to memory mapping:

RAX=0x0000000000000000 is an unknown value
RBX=0x0000000054fa9000 is a thread
RCX=0x0000000000000000 is an unknown value
RDX=0x0000000000000036 is an unknown value
RSP=0x00000000564af668 is pointing into the stack for thread: 0x0000000054fa9000
RBP=0x00000000564af990 is pointing into the stack for thread: 0x0000000054fa9000
RSI=0x0000000000000000 is an unknown value
RDI=0x0000000000000000 is an unknown value
R8 =0x0000000000000000 is an unknown value
R9 =0x0000000000000000 is an unknown value
R10=0x0000000000000019 is an unknown value
R11=0x0000000000000000 is an unknown value
R12=0x0000000000000000 is an unknown value
R13=0x0000000000000000 is an unknown value
R14=0x0000000000000000 is an unknown value
R15=0x0000000000000000 is an unknown value


Stack: [0x00000000563b0000,0x00000000564b0000],  sp=0x00000000564af668,  free space=1021k
Native frames: (J=compiled Java code, j=interpreted, Vv=VM code, C=native code)
V  [jvm.dll+0x67cf9]


---------------  P R O C E S S  ---------------

Java Threads: ( => current thread )
  0x0000000054fc8800 JavaThread "C2 CompilerThread0" daemon [_thread_in_vm, id=2140, stack(0x0000000056960000,0x0000000056a60000)]
  0x0000000054fc4000 JavaThread "Attach Listener" daemon [_thread_blocked, id=1264, stack(0x0000000056830000,0x0000000056930000)]
  0x0000000054fc2800 JavaThread "Signal Dispatcher" daemon [_thread_blocked, id=5108, stack(0x0000000056510000,0x0000000056610000)]
=>0x0000000054fa9000 JavaThread "Finalizer" daemon [_thread_in_vm, id=4408, stack(0x00000000563b0000,0x00000000564b0000)]
  0x0000000054f62000 JavaThread "Reference Handler" daemon [_thread_blocked, id=1756, stack(0x0000000056100000,0x0000000056200000)]
  0x00000000021dd800 JavaThread "main" [_thread_in_vm, id=4956, stack(0x0000000002220000,0x0000000002320000)]

Other Threads:
  0x0000000054f5a000 VMThread [stack: 0x0000000055fd0000,0x00000000560d0000] [id=4280]

VM state:not at safepoint (normal execution)

VM Mutex/Monitor currently owned by a thread:  ([mutex/lock_event])
[0x00000000021db420] CodeCache_lock - owner thread: 0x0000000000000000

Heap:
 PSYoungGen      total 18944K, used 327K [0x00000000eb200000, 0x00000000ec700000, 0x0000000100000000)
  eden space 16384K, 2% used [0x00000000eb200000,0x00000000eb251ec8,0x00000000ec200000)
  from space 2560K, 0% used [0x00000000ec480000,0x00000000ec480000,0x00000000ec700000)
  to   space 2560K, 0% used [0x00000000ec200000,0x00000000ec200000,0x00000000ec480000)
 ParOldGen       total 44032K, used 0K [0x00000000c1600000, 0x00000000c4100000, 0x00000000eb200000)
  object space 44032K, 0% used [0x00000000c1600000,0x00000000c1600000,0x00000000c4100000)
 Metaspace       used 2064K, capacity 4480K, committed 4480K, reserved 1056768K
  class space    used 228K, capacity 384K, committed 384K, reserved 1048576K

Card table byte_map: [0x00000000119b0000,0x0000000011bb0000] byte_map_base: 0x00000000113a5000

Marking Bits: (ParMarkBitMap*) 0x0000000064d72f70
 Begin Bits: [0x0000000012480000, 0x0000000013428000)
 End Bits:   [0x0000000013428000, 0x00000000143d0000)

Polling page: 0x0000000000200000

CodeCache: size=245760Kb used=994Kb max_used=996Kb free=244765Kb
 bounds [0x00000000025f0000, 0x0000000002860000, 0x00000000115f0000]
 total_blobs=161 nmethods=0 adapters=126
 compilation: enabled

Compilation events (0 events):
No events

GC Heap History (0 events):
No events

Deoptimization events (0 events):
No events

Internal exceptions (2 events):
Event: 0.091 Thread 0x00000000021dd800 Exception <a 'java/lang/NoSuchMethodError': Method sun.misc.Unsafe.defineClass(Ljava/lang/String;[BII)Ljava/lang/Class; name or signature does not match> (0x00000000eb207cc0) thrown at [C:\re\workspace\8-2-build-windows-amd64-cygwin\jdk8u91\7017\hotspot\srž"¾y;h·?
Event: 0.091 Thread 0x00000000021dd800 Exception <a 'java/lang/NoSuchMethodError': Method sun.misc.Unsafe.prefetchRead(Ljava/lang/Object;J)V name or signature does not match> (0x00000000eb207fa8) thrown at [C:\re\workspace\8-2-build-windows-amd64-cygwin\jdk8u91\7017\hotspot\src\share\vm\prims\j

Events (10 events):
Event: 0.178 loading class sun/reflect/DelegatingConstructorAccessorImpl
Event: 0.178 loading class sun/reflect/DelegatingConstructorAccessorImpl done
Event: 0.178 loading class sun/nio/cs/SingleByte$Encoder
Event: 0.178 loading class sun/nio/cs/ArrayEncoder
Event: 0.178 loading class sun/nio/cs/ArrayEncoder done
Event: 0.178 loading class java/nio/charset/CharsetEncoder
Event: 0.179 loading class java/nio/charset/CharsetEncoder done
Event: 0.179 loading class sun/nio/cs/SingleByte$Encoder done
Event: 0.179 loading class java/nio/charset/CodingErrorAction
Event: 0.179 loading class java/nio/charset/CodingErrorAction done


Dynamic libraries:
0x000000013f390000 - 0x000000013f3c7000 	C:\Program Files\Java\jdk1.8.0_91\bin\javaw.exe
0x0000000077210000 - 0x00000000773bc000 	C:\Windows\SYSTEM32\ntdll.dll
0x0000000076ff0000 - 0x000000007710f000 	C:\Windows\system32\kernel32.dll
0x000007fefd9e0000 - 0x000007fefda4c000 	C:\Windows\system32\KERNELBASE.dll
0x000007fefdf90000 - 0x000007fefe06b000 	C:\Windows\system32\ADVAPI32.dll
0x000007fefdcd0000 - 0x000007fefdd6f000 	C:\Windows\system32\msvcrt.dll
0x000007feff350000 - 0x000007feff36f000 	C:\Windows\SYSTEM32\sechost.dll
0x000007fefe490000 - 0x000007fefe5be000 	C:\Windows\system32\RPCRT4.dll
0x0000000077110000 - 0x000000007720a000 	C:\Windows\system32\USER32.dll
0x000007fefdbb0000 - 0x000007fefdc17000 	C:\Windows\system32\GDI32.dll
0x000007fefdf80000 - 0x000007fefdf8e000 	C:\Windows\system32\LPK.dll
0x000007fefe170000 - 0x000007fefe23a000 	C:\Windows\system32\USP10.dll
0x000007fefbfa0000 - 0x000007fefc194000 	C:\Windows\WinSxS\amd64_microsoft.windows.common-controls_6595b64144ccf1df_6.0.7600.16661_none_fa62ad231704eab7\COMCTL32.dll
0x000007fefe0f0000 - 0x000007fefe161000 	C:\Windows\system32\SHLWAPI.dll
0x000007fefe0c0000 - 0x000007fefe0ee000 	C:\Windows\system32\IMM32.DLL
0x000007feff370000 - 0x000007feff479000 	C:\Windows\system32\MSCTF.dll
0x000007fefd640000 - 0x000007fefd67c000 	C:\Windows\system32\nvinitx.dll
0x00000000658b0000 - 0x0000000065982000 	C:\Program Files\Java\jdk1.8.0_91\jre\bin\msvcr100.dll
0x0000000064560000 - 0x0000000064df3000 	C:\Program Files\Java\jdk1.8.0_91\jre\bin\server\jvm.dll
0x000007fef4460000 - 0x000007fef4469000 	C:\Windows\system32\WSOCK32.dll
0x000007fefe440000 - 0x000007fefe48d000 	C:\Windows\system32\WS2_32.dll
0x000007fefdc20000 - 0x000007fefdc28000 	C:\Windows\system32\NSI.dll
0x000007fefa370000 - 0x000007fefa3ab000 	C:\Windows\system32\WINMM.dll
0x000007fefc790000 - 0x000007fefc79c000 	C:\Windows\system32\VERSION.dll
0x00000000773e0000 - 0x00000000773e7000 	C:\Windows\system32\PSAPI.DLL
0x0000000070e00000 - 0x0000000070e0f000 	C:\Program Files\Java\jdk1.8.0_91\jre\bin\verify.dll
0x0000000070cd0000 - 0x0000000070cf9000 	C:\Program Files\Java\jdk1.8.0_91\jre\bin\java.dll
0x000000006e130000 - 0x000000006e146000 	C:\Program Files\Java\jdk1.8.0_91\jre\bin\zip.dll
0x000007fefe5c0000 - 0x000007feff347000 	C:\Windows\system32\SHELL32.dll
0x000007fefdd70000 - 0x000007fefdf72000 	C:\Windows\system32\ole32.dll
0x000007fefd680000 - 0x000007fefd68f000 	C:\Windows\system32\profapi.dll
0x000007feed500000 - 0x000007feed625000 	C:\Windows\system32\dbghelp.dll

VM Arguments:
jvm_args: -Dmaven.home=EMBEDDED -Dclassworlds.conf=D:\inportia\.metadata\.plugins\org.eclipse.m2e.launching\launches\m2conf397030091822756839.tmp -Dmaven.multiModuleProjectDirectory=D:\inportia\empoweringindia -Dfile.encoding=Cp1252 
java_command: org.codehaus.plexus.classworlds.launcher.Launcher -B install
java_class_path (initial): /D:/inportia/eclipse-java-neon-R-win32-x86_64/eclipse/plugins/org.eclipse.m2e.maven.runtime_1.7.0.20160603-1931/jars/plexus-classworlds-2.5.2.jar
Launcher Type: SUN_STANDARD

Environment Variables:
PATH=C:/Program Files/Java/jre1.8.0_91/bin/server;C:/Program Files/Java/jre1.8.0_91/bin;C:/Program Files/Java/jre1.8.0_91/lib/amd64;C:\ProgramData\Oracle\Java\javapath;C:\Program Files (x86)\PC Connectivity Solution\;C:\Windows\system32;C:\Windows;C:\Windows\System32\Wbem;C:\Windows\System32\WindowsPowerShell\v1.0\;C:\Program Files\Git\cmd;D:\inportia\eclipse-java-neon-R-win32-x86_64\eclipse;
USERNAME=dell
OS=Windows_NT
PROCESSOR_IDENTIFIER=Intel64 Family 6 Model 42 Stepping 7, GenuineIntel



---------------  S Y S T E M  ---------------

OS: Windows 7 , 64 bit Build 7600 (6.1.7600.17206)

CPU:total 4 (2 cores per cpu, 2 threads per core) family 6 model 42 stepping 7, cmov, cx8, fxsr, mmx, sse, sse2, sse3, ssse3, sse4.1, sse4.2, popcnt, clmul, ht, tsc, tscinvbit

Memory: 4k page, physical 4099244k(2157172k free), swap 8196580k(6056920k free)

vm_info: Java HotSpot(TM) 64-Bit Server VM (25.91-b15) for windows-amd64 JRE (1.8.0_91-b15), built on May 20 2016 17:43:15 by "java_re" with MS VC++ 10.0 (VS2010)

time: Sat Sep 17 21:02:51 2016
elapsed time: 0 seconds (0d 0h 0m 0s)

